d:\develop-d\game\snakegame\snakegame\debug\vc142.pdb
d:\develop-d\game\snakegame\snakegame\debug\vc142.idb
d:\develop-d\game\snakegame\snakegame\debug\spritedrawer.obj
d:\develop-d\game\snakegame\snakegame\debug\math.obj
d:\develop-d\game\snakegame\snakegame\debug\main.obj
d:\develop-d\game\snakegame\snakegame\debug\game_load.obj
d:\develop-d\game\snakegame\snakegame\debug\drawer.obj
d:\develop-d\game\snakegame\snakegame\debug\game.obj
d:\develop-d\game\snakegame\snakegame\debug\component.obj
d:\develop-d\game\snakegame\snakegame\debug\actor.obj
d:\develop-d\game\snakegame\snakegame\debug\stageactor.obj
d:\develop-d\game\snakegame\snakegame\debug\fruitdrawer.obj
d:\develop-d\game\snakegame\snakegame\debug\fruitactor.obj
d:\develop-d\game\snakegame\snakegame\debug\stagedrawer.obj
d:\develop-d\game\snakegame\debug\snakegame.exe
d:\develop-d\game\snakegame\debug\snakegame.ilk
d:\develop-d\game\snakegame\debug\snakegame.pdb
d:\develop-d\game\snakegame\snakegame\debug\snakegame.tlog\cl.command.1.tlog
d:\develop-d\game\snakegame\snakegame\debug\snakegame.tlog\cl.read.1.tlog
d:\develop-d\game\snakegame\snakegame\debug\snakegame.tlog\cl.write.1.tlog
d:\develop-d\game\snakegame\snakegame\debug\snakegame.tlog\link.command.1.tlog
d:\develop-d\game\snakegame\snakegame\debug\snakegame.tlog\link.read.1.tlog
d:\develop-d\game\snakegame\snakegame\debug\snakegame.tlog\link.write.1.tlog
